2019/04/28 21:25:41 INFO  - jmeter.util.JMeterUtils: Setting Locale to en_US 
2019/04/28 21:25:41 INFO  - jmeter.protocol.http.sampler.HTTPSamplerBase: Parser for text/html is org.apache.jmeter.protocol.http.parser.LagartoBasedHtmlParser 
2019/04/28 21:25:41 INFO  - jmeter.protocol.http.sampler.HTTPSamplerBase: Parser for application/xhtml+xml is org.apache.jmeter.protocol.http.parser.LagartoBasedHtmlParser 
2019/04/28 21:25:41 INFO  - jmeter.protocol.http.sampler.HTTPSamplerBase: Parser for application/xml is org.apache.jmeter.protocol.http.parser.LagartoBasedHtmlParser 
2019/04/28 21:25:41 INFO  - jmeter.protocol.http.sampler.HTTPSamplerBase: Parser for text/xml is org.apache.jmeter.protocol.http.parser.LagartoBasedHtmlParser 
2019/04/28 21:25:41 INFO  - jmeter.protocol.http.sampler.HTTPSamplerBase: Parser for text/vnd.wap.wml is org.apache.jmeter.protocol.http.parser.RegexpHTMLParser 
2019/04/28 21:25:41 INFO  - jmeter.protocol.http.sampler.HTTPSamplerBase: Parser for text/css is org.apache.jmeter.protocol.http.parser.CssParser 
2019/04/28 21:25:41 INFO  - jmeter.save.SaveService: Testplan (JMX) version: 2.2. Testlog (JTL) version: 2.2 
2019/04/28 21:25:41 INFO  - jmeter.save.SaveService: Using SaveService properties file encoding UTF-8 
2019/04/28 21:25:41 INFO  - jmeter.save.SaveService: Using SaveService properties version 5.0 
2019/04/28 21:25:41 WARN  - jmeter.save.SaveService: Bad _version - expected 2.6, found 5.0. 
2019/04/28 21:25:41 INFO  - jmeter.save.SaveService: All converter versions present and correct 
2019/04/28 21:25:41 INFO  - jmeter.engine.StandardJMeterEngine: Running the test! 
2019/04/28 21:25:41 INFO  - jmeter.samplers.SampleEvent: List of sample_variables: [] 
2019/04/28 21:25:41 INFO  - jmeter.samplers.SampleEvent: List of sample_variables: [] 
2019/04/28 21:25:41 INFO  - jmeter.engine.util.CompoundVariable: Note: Function class names must contain the string: '.functions.' 
2019/04/28 21:25:41 INFO  - jmeter.engine.util.CompoundVariable: Note: Function class names must not contain the string: '.gui.' 
2019/04/28 21:25:41 INFO  - jmeter.services.FileServer: Default base='C:\Users\Sriram\git\JmeterAPISample' 
2019/04/28 21:25:41 INFO  - jmeter.engine.StandardJMeterEngine: Starting ThreadGroup: 1 : Sample Thread Group 
2019/04/28 21:25:41 INFO  - jmeter.engine.StandardJMeterEngine: Starting 100 threads for group Sample Thread Group. 
2019/04/28 21:25:41 INFO  - jmeter.engine.StandardJMeterEngine: Thread will continue on error 
2019/04/28 21:25:41 INFO  - jmeter.threads.ThreadGroup: Starting thread group number 1 threads 100 ramp-up 10 perThread 100.0 delayedStart=false 
2019/04/28 21:25:41 INFO  - jmeter.threads.JMeterThread: jmeterthread.startearlier=true (see jmeter.properties) 
2019/04/28 21:25:41 INFO  - jmeter.threads.JMeterThread: Running PostProcessors in forward order 
2019/04/28 21:25:41 INFO  - jmeter.threads.JMeterThread: Thread started: Sample Thread Group 1-1 
2019/04/28 21:25:41 INFO  - jmeter.threads.ThreadGroup: Started thread group number 1 
2019/04/28 21:25:41 INFO  - jmeter.engine.StandardJMeterEngine: All thread groups have been started 
2019/04/28 21:25:41 INFO  - jmeter.protocol.http.sampler.HTTPHCAbstractImpl: Local host = DESKTOP-UED996U 
2019/04/28 21:25:41 INFO  - jmeter.protocol.http.sampler.HTTPHC4Impl: HTTP request retry count = 0 
2019/04/28 21:25:41 INFO  - jmeter.protocol.http.sampler.HTTPHC4Impl: Setting up HTTPS TrustAll scheme 
2019/04/28 21:25:41 INFO  - jmeter.util.JsseSSLManager: Using default SSL protocol: TLS 
2019/04/28 21:25:41 INFO  - jmeter.util.JsseSSLManager: SSL session context: per-thread 
2019/04/28 21:25:42 INFO  - jmeter.threads.JMeterThread: Thread started: Sample Thread Group 1-2 
2019/04/28 21:25:42 INFO  - jmeter.threads.JMeterThread: Thread started: Sample Thread Group 1-3 
2019/04/28 21:25:42 INFO  - jmeter.threads.JMeterThread: Thread started: Sample Thread Group 1-4 
2019/04/28 21:25:42 INFO  - jmeter.threads.JMeterThread: Thread started: Sample Thread Group 1-5 
2019/04/28 21:25:42 INFO  - jmeter.samplers.SampleResult: Note: Sample TimeStamps are START times 
2019/04/28 21:25:42 INFO  - jmeter.samplers.SampleResult: sampleresult.default.encoding is set to ISO-8859-1 
2019/04/28 21:25:42 INFO  - jmeter.samplers.SampleResult: sampleresult.useNanoTime=true 
2019/04/28 21:25:42 INFO  - jmeter.samplers.SampleResult: sampleresult.nanoThreadSleep=5000 
2019/04/28 21:25:42 INFO  - jmeter.threads.JMeterThread: Thread started: Sample Thread Group 1-6 
2019/04/28 21:25:42 INFO  - jmeter.threads.JMeterThread: Thread finished: Sample Thread Group 1-6 
2019/04/28 21:25:42 INFO  - jmeter.threads.JMeterThread: Thread finished: Sample Thread Group 1-2 
2019/04/28 21:25:42 INFO  - jmeter.threads.JMeterThread: Thread finished: Sample Thread Group 1-1 
2019/04/28 21:25:42 INFO  - jmeter.threads.JMeterThread: Thread finished: Sample Thread Group 1-4 
2019/04/28 21:25:42 INFO  - jmeter.threads.JMeterThread: Thread finished: Sample Thread Group 1-5 
2019/04/28 21:25:42 INFO  - jmeter.threads.JMeterThread: Thread finished: Sample Thread Group 1-3 
2019/04/28 21:25:42 INFO  - jmeter.threads.JMeterThread: Thread started: Sample Thread Group 1-7 
2019/04/28 21:25:42 INFO  - jmeter.threads.JMeterThread: Thread finished: Sample Thread Group 1-7 
2019/04/28 21:25:42 INFO  - jmeter.threads.JMeterThread: Thread started: Sample Thread Group 1-8 
2019/04/28 21:25:42 INFO  - jmeter.threads.JMeterThread: Thread finished: Sample Thread Group 1-8 
2019/04/28 21:25:42 INFO  - jmeter.threads.JMeterThread: Thread started: Sample Thread Group 1-9 
2019/04/28 21:25:42 INFO  - jmeter.threads.JMeterThread: Thread finished: Sample Thread Group 1-9 
2019/04/28 21:25:42 INFO  - jmeter.threads.JMeterThread: Thread started: Sample Thread Group 1-10 
2019/04/28 21:25:42 INFO  - jmeter.threads.JMeterThread: Thread finished: Sample Thread Group 1-10 
2019/04/28 21:25:42 INFO  - jmeter.threads.JMeterThread: Thread started: Sample Thread Group 1-11 
2019/04/28 21:25:42 INFO  - jmeter.threads.JMeterThread: Thread finished: Sample Thread Group 1-11 
2019/04/28 21:25:43 INFO  - jmeter.threads.JMeterThread: Thread started: Sample Thread Group 1-12 
2019/04/28 21:25:43 INFO  - jmeter.threads.JMeterThread: Thread finished: Sample Thread Group 1-12 
2019/04/28 21:25:43 INFO  - jmeter.threads.JMeterThread: Thread started: Sample Thread Group 1-13 
2019/04/28 21:25:43 INFO  - jmeter.threads.JMeterThread: Thread finished: Sample Thread Group 1-13 
2019/04/28 21:25:43 INFO  - jmeter.threads.JMeterThread: Thread started: Sample Thread Group 1-14 
2019/04/28 21:25:43 INFO  - jmeter.threads.JMeterThread: Thread finished: Sample Thread Group 1-14 
2019/04/28 21:25:43 INFO  - jmeter.threads.JMeterThread: Thread started: Sample Thread Group 1-15 
2019/04/28 21:25:43 INFO  - jmeter.threads.JMeterThread: Thread finished: Sample Thread Group 1-15 
2019/04/28 21:25:43 INFO  - jmeter.threads.JMeterThread: Thread started: Sample Thread Group 1-16 
2019/04/28 21:25:43 INFO  - jmeter.threads.JMeterThread: Thread finished: Sample Thread Group 1-16 
2019/04/28 21:25:43 INFO  - jmeter.threads.JMeterThread: Thread started: Sample Thread Group 1-17 
2019/04/28 21:25:43 INFO  - jmeter.threads.JMeterThread: Thread finished: Sample Thread Group 1-17 
2019/04/28 21:25:43 INFO  - jmeter.threads.JMeterThread: Thread started: Sample Thread Group 1-18 
2019/04/28 21:25:43 INFO  - jmeter.threads.JMeterThread: Thread finished: Sample Thread Group 1-18 
2019/04/28 21:25:43 INFO  - jmeter.threads.JMeterThread: Thread started: Sample Thread Group 1-19 
2019/04/28 21:25:43 INFO  - jmeter.threads.JMeterThread: Thread finished: Sample Thread Group 1-19 
2019/04/28 21:25:43 INFO  - jmeter.threads.JMeterThread: Thread started: Sample Thread Group 1-20 
2019/04/28 21:25:43 INFO  - jmeter.threads.JMeterThread: Thread finished: Sample Thread Group 1-20 
2019/04/28 21:25:43 INFO  - jmeter.threads.JMeterThread: Thread started: Sample Thread Group 1-21 
2019/04/28 21:25:43 INFO  - jmeter.threads.JMeterThread: Thread finished: Sample Thread Group 1-21 
2019/04/28 21:25:44 INFO  - jmeter.threads.JMeterThread: Thread started: Sample Thread Group 1-22 
2019/04/28 21:25:44 INFO  - jmeter.threads.JMeterThread: Thread finished: Sample Thread Group 1-22 
2019/04/28 21:25:44 INFO  - jmeter.threads.JMeterThread: Thread started: Sample Thread Group 1-23 
2019/04/28 21:25:44 INFO  - jmeter.threads.JMeterThread: Thread finished: Sample Thread Group 1-23 
2019/04/28 21:25:44 INFO  - jmeter.threads.JMeterThread: Thread started: Sample Thread Group 1-24 
2019/04/28 21:25:44 INFO  - jmeter.threads.JMeterThread: Thread finished: Sample Thread Group 1-24 
2019/04/28 21:25:44 INFO  - jmeter.threads.JMeterThread: Thread started: Sample Thread Group 1-25 
2019/04/28 21:25:44 INFO  - jmeter.threads.JMeterThread: Thread finished: Sample Thread Group 1-25 
2019/04/28 21:25:44 INFO  - jmeter.threads.JMeterThread: Thread started: Sample Thread Group 1-26 
2019/04/28 21:25:44 INFO  - jmeter.threads.JMeterThread: Thread finished: Sample Thread Group 1-26 
2019/04/28 21:25:44 INFO  - jmeter.threads.JMeterThread: Thread started: Sample Thread Group 1-27 
2019/04/28 21:25:44 INFO  - jmeter.threads.JMeterThread: Thread finished: Sample Thread Group 1-27 
2019/04/28 21:25:44 INFO  - jmeter.threads.JMeterThread: Thread started: Sample Thread Group 1-28 
2019/04/28 21:25:44 INFO  - jmeter.threads.JMeterThread: Thread finished: Sample Thread Group 1-28 
2019/04/28 21:25:44 INFO  - jmeter.threads.JMeterThread: Thread started: Sample Thread Group 1-29 
2019/04/28 21:25:44 INFO  - jmeter.threads.JMeterThread: Thread finished: Sample Thread Group 1-29 
2019/04/28 21:25:44 INFO  - jmeter.threads.JMeterThread: Thread started: Sample Thread Group 1-30 
2019/04/28 21:25:44 INFO  - jmeter.threads.JMeterThread: Thread finished: Sample Thread Group 1-30 
2019/04/28 21:25:44 INFO  - jmeter.threads.JMeterThread: Thread started: Sample Thread Group 1-31 
2019/04/28 21:25:44 INFO  - jmeter.threads.JMeterThread: Thread finished: Sample Thread Group 1-31 
2019/04/28 21:25:45 INFO  - jmeter.threads.JMeterThread: Thread started: Sample Thread Group 1-32 
2019/04/28 21:25:45 INFO  - jmeter.threads.JMeterThread: Thread finished: Sample Thread Group 1-32 
2019/04/28 21:25:45 INFO  - jmeter.threads.JMeterThread: Thread started: Sample Thread Group 1-33 
2019/04/28 21:25:45 INFO  - jmeter.threads.JMeterThread: Thread finished: Sample Thread Group 1-33 
2019/04/28 21:25:45 INFO  - jmeter.threads.JMeterThread: Thread started: Sample Thread Group 1-34 
2019/04/28 21:25:45 INFO  - jmeter.threads.JMeterThread: Thread finished: Sample Thread Group 1-34 
2019/04/28 21:25:45 INFO  - jmeter.threads.JMeterThread: Thread started: Sample Thread Group 1-35 
2019/04/28 21:25:45 INFO  - jmeter.threads.JMeterThread: Thread finished: Sample Thread Group 1-35 
2019/04/28 21:25:45 INFO  - jmeter.threads.JMeterThread: Thread started: Sample Thread Group 1-36 
2019/04/28 21:25:45 INFO  - jmeter.threads.JMeterThread: Thread finished: Sample Thread Group 1-36 
2019/04/28 21:25:45 INFO  - jmeter.threads.JMeterThread: Thread started: Sample Thread Group 1-37 
2019/04/28 21:25:45 INFO  - jmeter.threads.JMeterThread: Thread finished: Sample Thread Group 1-37 
2019/04/28 21:25:45 INFO  - jmeter.threads.JMeterThread: Thread started: Sample Thread Group 1-38 
2019/04/28 21:25:45 INFO  - jmeter.threads.JMeterThread: Thread finished: Sample Thread Group 1-38 
2019/04/28 21:25:45 INFO  - jmeter.threads.JMeterThread: Thread started: Sample Thread Group 1-39 
2019/04/28 21:25:45 INFO  - jmeter.threads.JMeterThread: Thread finished: Sample Thread Group 1-39 
2019/04/28 21:25:45 INFO  - jmeter.threads.JMeterThread: Thread started: Sample Thread Group 1-40 
2019/04/28 21:25:45 INFO  - jmeter.threads.JMeterThread: Thread finished: Sample Thread Group 1-40 
2019/04/28 21:25:45 INFO  - jmeter.threads.JMeterThread: Thread started: Sample Thread Group 1-41 
2019/04/28 21:25:45 INFO  - jmeter.threads.JMeterThread: Thread finished: Sample Thread Group 1-41 
2019/04/28 21:25:46 INFO  - jmeter.threads.JMeterThread: Thread started: Sample Thread Group 1-42 
2019/04/28 21:25:46 INFO  - jmeter.threads.JMeterThread: Thread finished: Sample Thread Group 1-42 
2019/04/28 21:25:46 INFO  - jmeter.threads.JMeterThread: Thread started: Sample Thread Group 1-43 
2019/04/28 21:25:46 INFO  - jmeter.threads.JMeterThread: Thread finished: Sample Thread Group 1-43 
2019/04/28 21:25:46 INFO  - jmeter.threads.JMeterThread: Thread started: Sample Thread Group 1-44 
2019/04/28 21:25:46 INFO  - jmeter.threads.JMeterThread: Thread finished: Sample Thread Group 1-44 
2019/04/28 21:25:46 INFO  - jmeter.threads.JMeterThread: Thread started: Sample Thread Group 1-45 
2019/04/28 21:25:46 INFO  - jmeter.threads.JMeterThread: Thread finished: Sample Thread Group 1-45 
2019/04/28 21:25:46 INFO  - jmeter.threads.JMeterThread: Thread started: Sample Thread Group 1-46 
2019/04/28 21:25:46 INFO  - jmeter.threads.JMeterThread: Thread finished: Sample Thread Group 1-46 
2019/04/28 21:25:46 INFO  - jmeter.threads.JMeterThread: Thread started: Sample Thread Group 1-47 
2019/04/28 21:25:46 INFO  - jmeter.threads.JMeterThread: Thread finished: Sample Thread Group 1-47 
2019/04/28 21:25:46 INFO  - jmeter.threads.JMeterThread: Thread started: Sample Thread Group 1-48 
2019/04/28 21:25:46 INFO  - jmeter.threads.JMeterThread: Thread finished: Sample Thread Group 1-48 
2019/04/28 21:25:46 INFO  - jmeter.threads.JMeterThread: Thread started: Sample Thread Group 1-49 
2019/04/28 21:25:46 INFO  - jmeter.threads.JMeterThread: Thread finished: Sample Thread Group 1-49 
2019/04/28 21:25:46 INFO  - jmeter.threads.JMeterThread: Thread started: Sample Thread Group 1-50 
2019/04/28 21:25:46 INFO  - jmeter.threads.JMeterThread: Thread finished: Sample Thread Group 1-50 
2019/04/28 21:25:46 INFO  - jmeter.threads.JMeterThread: Thread started: Sample Thread Group 1-51 
2019/04/28 21:25:46 INFO  - jmeter.threads.JMeterThread: Thread finished: Sample Thread Group 1-51 
2019/04/28 21:25:47 INFO  - jmeter.threads.JMeterThread: Thread started: Sample Thread Group 1-52 
2019/04/28 21:25:47 INFO  - jmeter.threads.JMeterThread: Thread finished: Sample Thread Group 1-52 
2019/04/28 21:25:47 INFO  - jmeter.threads.JMeterThread: Thread started: Sample Thread Group 1-53 
2019/04/28 21:25:47 INFO  - jmeter.threads.JMeterThread: Thread finished: Sample Thread Group 1-53 
2019/04/28 21:25:47 INFO  - jmeter.threads.JMeterThread: Thread started: Sample Thread Group 1-54 
2019/04/28 21:25:47 INFO  - jmeter.threads.JMeterThread: Thread finished: Sample Thread Group 1-54 
2019/04/28 21:25:47 INFO  - jmeter.threads.JMeterThread: Thread started: Sample Thread Group 1-55 
2019/04/28 21:25:47 INFO  - jmeter.threads.JMeterThread: Thread finished: Sample Thread Group 1-55 
2019/04/28 21:25:47 INFO  - jmeter.threads.JMeterThread: Thread started: Sample Thread Group 1-56 
2019/04/28 21:25:47 INFO  - jmeter.threads.JMeterThread: Thread finished: Sample Thread Group 1-56 
2019/04/28 21:25:47 INFO  - jmeter.threads.JMeterThread: Thread started: Sample Thread Group 1-57 
2019/04/28 21:25:47 INFO  - jmeter.threads.JMeterThread: Thread finished: Sample Thread Group 1-57 
2019/04/28 21:25:47 INFO  - jmeter.threads.JMeterThread: Thread started: Sample Thread Group 1-58 
2019/04/28 21:25:47 INFO  - jmeter.threads.JMeterThread: Thread finished: Sample Thread Group 1-58 
2019/04/28 21:25:47 INFO  - jmeter.threads.JMeterThread: Thread started: Sample Thread Group 1-59 
2019/04/28 21:25:47 INFO  - jmeter.threads.JMeterThread: Thread finished: Sample Thread Group 1-59 
2019/04/28 21:25:47 INFO  - jmeter.threads.JMeterThread: Thread started: Sample Thread Group 1-60 
2019/04/28 21:25:47 INFO  - jmeter.threads.JMeterThread: Thread finished: Sample Thread Group 1-60 
2019/04/28 21:25:47 INFO  - jmeter.threads.JMeterThread: Thread started: Sample Thread Group 1-61 
2019/04/28 21:25:47 INFO  - jmeter.threads.JMeterThread: Thread finished: Sample Thread Group 1-61 
2019/04/28 21:25:48 INFO  - jmeter.threads.JMeterThread: Thread started: Sample Thread Group 1-62 
2019/04/28 21:25:48 INFO  - jmeter.threads.JMeterThread: Thread finished: Sample Thread Group 1-62 
2019/04/28 21:25:48 INFO  - jmeter.threads.JMeterThread: Thread started: Sample Thread Group 1-63 
2019/04/28 21:25:48 INFO  - jmeter.threads.JMeterThread: Thread finished: Sample Thread Group 1-63 
2019/04/28 21:25:48 INFO  - jmeter.threads.JMeterThread: Thread started: Sample Thread Group 1-64 
2019/04/28 21:25:48 INFO  - jmeter.threads.JMeterThread: Thread finished: Sample Thread Group 1-64 
2019/04/28 21:25:48 INFO  - jmeter.threads.JMeterThread: Thread started: Sample Thread Group 1-65 
2019/04/28 21:25:48 INFO  - jmeter.threads.JMeterThread: Thread finished: Sample Thread Group 1-65 
2019/04/28 21:25:48 INFO  - jmeter.threads.JMeterThread: Thread started: Sample Thread Group 1-66 
2019/04/28 21:25:48 INFO  - jmeter.threads.JMeterThread: Thread finished: Sample Thread Group 1-66 
2019/04/28 21:25:48 INFO  - jmeter.threads.JMeterThread: Thread started: Sample Thread Group 1-67 
2019/04/28 21:25:48 INFO  - jmeter.threads.JMeterThread: Thread finished: Sample Thread Group 1-67 
2019/04/28 21:25:48 INFO  - jmeter.threads.JMeterThread: Thread started: Sample Thread Group 1-68 
2019/04/28 21:25:48 INFO  - jmeter.threads.JMeterThread: Thread finished: Sample Thread Group 1-68 
2019/04/28 21:25:48 INFO  - jmeter.threads.JMeterThread: Thread started: Sample Thread Group 1-69 
2019/04/28 21:25:48 INFO  - jmeter.threads.JMeterThread: Thread finished: Sample Thread Group 1-69 
2019/04/28 21:25:48 INFO  - jmeter.threads.JMeterThread: Thread started: Sample Thread Group 1-70 
2019/04/28 21:25:48 INFO  - jmeter.threads.JMeterThread: Thread finished: Sample Thread Group 1-70 
2019/04/28 21:25:48 INFO  - jmeter.threads.JMeterThread: Thread started: Sample Thread Group 1-71 
2019/04/28 21:25:48 INFO  - jmeter.threads.JMeterThread: Thread finished: Sample Thread Group 1-71 
2019/04/28 21:25:49 INFO  - jmeter.threads.JMeterThread: Thread started: Sample Thread Group 1-72 
2019/04/28 21:25:49 INFO  - jmeter.threads.JMeterThread: Thread finished: Sample Thread Group 1-72 
2019/04/28 21:25:49 INFO  - jmeter.threads.JMeterThread: Thread started: Sample Thread Group 1-73 
2019/04/28 21:25:49 INFO  - jmeter.threads.JMeterThread: Thread finished: Sample Thread Group 1-73 
2019/04/28 21:25:49 INFO  - jmeter.threads.JMeterThread: Thread started: Sample Thread Group 1-74 
2019/04/28 21:25:49 INFO  - jmeter.threads.JMeterThread: Thread finished: Sample Thread Group 1-74 
2019/04/28 21:25:49 INFO  - jmeter.threads.JMeterThread: Thread started: Sample Thread Group 1-75 
2019/04/28 21:25:49 INFO  - jmeter.threads.JMeterThread: Thread finished: Sample Thread Group 1-75 
2019/04/28 21:25:49 INFO  - jmeter.threads.JMeterThread: Thread started: Sample Thread Group 1-76 
2019/04/28 21:25:49 INFO  - jmeter.threads.JMeterThread: Thread finished: Sample Thread Group 1-76 
2019/04/28 21:25:49 INFO  - jmeter.threads.JMeterThread: Thread started: Sample Thread Group 1-77 
2019/04/28 21:25:49 INFO  - jmeter.threads.JMeterThread: Thread finished: Sample Thread Group 1-77 
2019/04/28 21:25:49 INFO  - jmeter.threads.JMeterThread: Thread started: Sample Thread Group 1-78 
2019/04/28 21:25:49 INFO  - jmeter.threads.JMeterThread: Thread finished: Sample Thread Group 1-78 
2019/04/28 21:25:49 INFO  - jmeter.threads.JMeterThread: Thread started: Sample Thread Group 1-79 
2019/04/28 21:25:49 INFO  - jmeter.threads.JMeterThread: Thread finished: Sample Thread Group 1-79 
2019/04/28 21:25:49 INFO  - jmeter.threads.JMeterThread: Thread started: Sample Thread Group 1-80 
2019/04/28 21:25:49 INFO  - jmeter.threads.JMeterThread: Thread finished: Sample Thread Group 1-80 
2019/04/28 21:25:49 INFO  - jmeter.threads.JMeterThread: Thread started: Sample Thread Group 1-81 
2019/04/28 21:25:49 INFO  - jmeter.threads.JMeterThread: Thread finished: Sample Thread Group 1-81 
2019/04/28 21:25:50 INFO  - jmeter.threads.JMeterThread: Thread started: Sample Thread Group 1-82 
2019/04/28 21:25:50 INFO  - jmeter.threads.JMeterThread: Thread finished: Sample Thread Group 1-82 
2019/04/28 21:25:50 INFO  - jmeter.threads.JMeterThread: Thread started: Sample Thread Group 1-83 
2019/04/28 21:25:50 INFO  - jmeter.threads.JMeterThread: Thread finished: Sample Thread Group 1-83 
2019/04/28 21:25:50 INFO  - jmeter.threads.JMeterThread: Thread started: Sample Thread Group 1-84 
2019/04/28 21:25:50 INFO  - jmeter.threads.JMeterThread: Thread finished: Sample Thread Group 1-84 
2019/04/28 21:25:50 INFO  - jmeter.threads.JMeterThread: Thread started: Sample Thread Group 1-85 
2019/04/28 21:25:50 INFO  - jmeter.threads.JMeterThread: Thread finished: Sample Thread Group 1-85 
2019/04/28 21:25:50 INFO  - jmeter.threads.JMeterThread: Thread started: Sample Thread Group 1-86 
2019/04/28 21:25:50 INFO  - jmeter.threads.JMeterThread: Thread finished: Sample Thread Group 1-86 
2019/04/28 21:25:50 INFO  - jmeter.threads.JMeterThread: Thread started: Sample Thread Group 1-87 
2019/04/28 21:25:50 INFO  - jmeter.threads.JMeterThread: Thread finished: Sample Thread Group 1-87 
2019/04/28 21:25:50 INFO  - jmeter.threads.JMeterThread: Thread started: Sample Thread Group 1-88 
2019/04/28 21:25:50 INFO  - jmeter.threads.JMeterThread: Thread finished: Sample Thread Group 1-88 
2019/04/28 21:25:50 INFO  - jmeter.threads.JMeterThread: Thread started: Sample Thread Group 1-89 
2019/04/28 21:25:50 INFO  - jmeter.threads.JMeterThread: Thread finished: Sample Thread Group 1-89 
2019/04/28 21:25:50 INFO  - jmeter.threads.JMeterThread: Thread started: Sample Thread Group 1-90 
2019/04/28 21:25:50 INFO  - jmeter.threads.JMeterThread: Thread finished: Sample Thread Group 1-90 
2019/04/28 21:25:50 INFO  - jmeter.threads.JMeterThread: Thread started: Sample Thread Group 1-91 
2019/04/28 21:25:50 INFO  - jmeter.threads.JMeterThread: Thread finished: Sample Thread Group 1-91 
2019/04/28 21:25:51 INFO  - jmeter.threads.JMeterThread: Thread started: Sample Thread Group 1-92 
2019/04/28 21:25:51 INFO  - jmeter.threads.JMeterThread: Thread finished: Sample Thread Group 1-92 
2019/04/28 21:25:51 INFO  - jmeter.threads.JMeterThread: Thread started: Sample Thread Group 1-93 
2019/04/28 21:25:51 INFO  - jmeter.threads.JMeterThread: Thread finished: Sample Thread Group 1-93 
2019/04/28 21:25:51 INFO  - jmeter.threads.JMeterThread: Thread started: Sample Thread Group 1-94 
2019/04/28 21:25:51 INFO  - jmeter.threads.JMeterThread: Thread finished: Sample Thread Group 1-94 
2019/04/28 21:25:51 INFO  - jmeter.threads.JMeterThread: Thread started: Sample Thread Group 1-95 
2019/04/28 21:25:51 INFO  - jmeter.threads.JMeterThread: Thread finished: Sample Thread Group 1-95 
2019/04/28 21:25:51 INFO  - jmeter.threads.JMeterThread: Thread started: Sample Thread Group 1-96 
2019/04/28 21:25:51 INFO  - jmeter.threads.JMeterThread: Thread finished: Sample Thread Group 1-96 
2019/04/28 21:25:51 INFO  - jmeter.threads.JMeterThread: Thread started: Sample Thread Group 1-97 
2019/04/28 21:25:51 INFO  - jmeter.threads.JMeterThread: Thread finished: Sample Thread Group 1-97 
2019/04/28 21:25:51 INFO  - jmeter.threads.JMeterThread: Thread started: Sample Thread Group 1-98 
2019/04/28 21:25:51 INFO  - jmeter.threads.JMeterThread: Thread finished: Sample Thread Group 1-98 
2019/04/28 21:25:51 INFO  - jmeter.threads.JMeterThread: Thread started: Sample Thread Group 1-99 
2019/04/28 21:25:51 INFO  - jmeter.threads.JMeterThread: Thread finished: Sample Thread Group 1-99 
2019/04/28 21:25:51 INFO  - jmeter.threads.JMeterThread: Thread started: Sample Thread Group 1-100 
2019/04/28 21:25:51 INFO  - jmeter.threads.JMeterThread: Thread finished: Sample Thread Group 1-100 
2019/04/28 21:25:51 INFO  - jmeter.engine.StandardJMeterEngine: Notifying test listeners of end of test 
2019/04/28 21:25:51 INFO  - jmeter.reporters.Summariser: summary =    200 in   9.5s =   21.1/s Avg:     6 Min:     1 Max:    82 Err:     0 (0.00%) 
